Running: C:\Xilinx\14.5\ISE_DS\ISE\bin\nt64\unwrapped\fuse.exe -intstyle ise -incremental -o D:/unmc degree/year 4/sem2/hdl/project/temp_sensor/tb_bcd_isim_beh.exe -prj D:/unmc degree/year 4/sem2/hdl/project/temp_sensor/tb_bcd_beh.prj work.tb_bcd 
ISim P.58f (signature 0x7708f090)
Number of CPUs detected in this system: 12
Turning on mult-threading, number of parallel sub-compilation jobs: 24 
Determining compilation order of HDL files
Parsing VHDL file "D:/unmc degree/year 4/sem2/hdl/project/temp_sensor/bcd.vhd" into library work
Parsing VHDL file "D:/unmc degree/year 4/sem2/hdl/project/temp_sensor/tb_bcd.vhd" into library work
Starting static elaboration
Completed static elaboration
Compiling package standard
Compiling package std_logic_1164
Compiling package numeric_std
Compiling package std_logic_arith
Compiling package std_logic_unsigned
Compiling architecture behavioral of entity bcd [bcd_default]
Compiling architecture behavior of entity tb_bcd
Time Resolution for simulation is 1ps.
WARNING:Simulator - Unable to copy libPortabilityNOSH.dll to the simulation executable directory: boost::filesystem::copy_file: The system cannot find the path specified, "isim\tb_bcd_isim_beh.exe.sim\libPortability.dll".
Compiled 8 VHDL Units
Built simulation executable D:/unmc degree/year 4/sem2/hdl/project/temp_sensor/tb_bcd_isim_beh.exe
Fuse Memory Usage: 37684 KB
Fuse CPU Usage: 389 ms
