Release 14.5 - ngc2edif P.58f (nt64)
Copyright (c) 1995-2012 Xilinx, Inc.  All rights reserved.
Reading design top_level_temp_sensor.ngc ...
WARNING:NetListWriters:298 - No output is written to top_level_temp_sensor.xncf,
   ignored.
Processing design ...
   Preping design's networks ...
   Preping design's macros ...
WARNING:NetListWriters:306 - Signal bus U10/iShiftRegister<14 : 0> on block
   top_level_temp_sensor is not reconstructed, because there are some missing
   bus signals.
WARNING:NetListWriters:306 - Signal bus i_converted_number<23 : 1> on block
   top_level_temp_sensor is not reconstructed, because there are some missing
   bus signals.
  finished :Prep
Writing EDIF netlist file top_level_temp_sensor.edif ...
ngc2edif: Total memory usage is 4315576 kilobytes

Release 14.5 - ngc2edif P.58f (nt64)
Copyright (c) 1995-2012 Xilinx, Inc.  All rights reserved.
Reading design top_level_temp_sensor.ngc ...
WARNING:NetListWriters:298 - No output is written to top_level_temp_sensor.xncf,
   ignored.
Processing design ...
   Preping design's networks ...
   Preping design's macros ...
WARNING:NetListWriters:306 - Signal bus U10/iShiftRegister<14 : 0> on block
   top_level_temp_sensor is not reconstructed, because there are some missing
   bus signals.
WARNING:NetListWriters:306 - Signal bus i_converted_number<23 : 1> on block
   top_level_temp_sensor is not reconstructed, because there are some missing
   bus signals.
  finished :Prep
Writing EDIF netlist file top_level_temp_sensor.edif ...
ngc2edif: Total memory usage is 4315576 kilobytes

Release 14.5 - ngc2edif P.58f (nt64)
Copyright (c) 1995-2012 Xilinx, Inc.  All rights reserved.
Reading design top_level_temp_sensor.ngc ...
WARNING:NetListWriters:298 - No output is written to top_level_temp_sensor.xncf,
   ignored.
Processing design ...
   Preping design's networks ...
   Preping design's macros ...
WARNING:NetListWriters:306 - Signal bus U10/iShiftRegister<14 : 0> on block
   top_level_temp_sensor is not reconstructed, because there are some missing
   bus signals.
WARNING:NetListWriters:306 - Signal bus i_converted_number<23 : 1> on block
   top_level_temp_sensor is not reconstructed, because there are some missing
   bus signals.
  finished :Prep
Writing EDIF netlist file top_level_temp_sensor.edif ...
ngc2edif: Total memory usage is 4315576 kilobytes

Release 14.5 - ngc2edif P.58f (nt64)
Copyright (c) 1995-2012 Xilinx, Inc.  All rights reserved.
Reading design top_level_temp_sensor.ngc ...
WARNING:NetListWriters:298 - No output is written to top_level_temp_sensor.xncf,
   ignored.
Processing design ...
   Preping design's networks ...
   Preping design's macros ...
WARNING:NetListWriters:306 - Signal bus U10/iShiftRegister<10 : 0> on block
   top_level_temp_sensor is not reconstructed, because there are some missing
   bus signals.
  finished :Prep
Writing EDIF netlist file top_level_temp_sensor.edif ...
ngc2edif: Total memory usage is 4315576 kilobytes

