--------------------------------------------------------------------------------
Release 14.5 Trace  (nt64)
Copyright (c) 1995-2012 Xilinx, Inc.  All rights reserved.

C:\Xilinx\14.5\ISE_DS\ISE\bin\nt64\unwrapped\trce.exe -intstyle ise -v 3 -s 5
-n 3 -fastpaths -xml top_level_temp_sensor.twx top_level_temp_sensor.ncd -o
top_level_temp_sensor.twr top_level_temp_sensor.pcf -ucf
top_level_temp_sensor.ucf

Design file:              top_level_temp_sensor.ncd
Physical constraint file: top_level_temp_sensor.pcf
Device,package,speed:     xc3s500e,fg320,-5 (PRODUCTION 1.27 2013-03-26)
Report level:             verbose report

Environment Variable      Effect 
--------------------      ------ 
NONE                      No environment variables were set
--------------------------------------------------------------------------------

INFO:Timing:2698 - No timing constraints found, doing default enumeration.
INFO:Timing:3412 - To improve timing, see the Timing Closure User Guide (UG612).
INFO:Timing:2752 - To get complete path coverage, use the unconstrained paths 
   option. All paths that are not constrained will be reported in the 
   unconstrained paths section(s) of the report.
INFO:Timing:3339 - The clock-to-out numbers in this timing report are based on 
   a 50 Ohm transmission line loading model.  For the details of this model, 
   and for more information on accounting for different loading conditions, 
   please see the device datasheet.
INFO:Timing:3390 - This architecture does not support a default System Jitter 
   value, please add SYSTEM_JITTER constraint to the UCF to modify the Clock 
   Uncertainty calculation.
INFO:Timing:3389 - This architecture does not support 'Discrete Jitter' and 
   'Phase Error' calculations, these terms will be zero in the Clock 
   Uncertainty calculation.  Please make appropriate modification to 
   SYSTEM_JITTER to account for the unsupported Discrete Jitter and Phase 
   Error.



Data Sheet report:
-----------------
All values displayed in nanoseconds (ns)

Setup/Hold to clock SystemClock
------------+------------+------------+------------------+--------+
            |Max Setup to|Max Hold to |                  | Clock  |
Source      | clk (edge) | clk (edge) |Internal Clock(s) | Phase  |
------------+------------+------------+------------------+--------+
Reset       |    5.961(R)|   -0.905(R)|SystemClock_BUFGP |   0.000|
------------+------------+------------+------------------+--------+

Clock SystemClock to Pad
------------+------------+------------------+--------+
            | clk (edge) |                  | Clock  |
Destination |   to PAD   |Internal Clock(s) | Phase  |
------------+------------+------------------+--------+
An<0>       |    8.938(R)|SystemClock_BUFGP |   0.000|
An<1>       |    8.895(R)|SystemClock_BUFGP |   0.000|
An<2>       |    9.050(R)|SystemClock_BUFGP |   0.000|
An<3>       |    9.028(R)|SystemClock_BUFGP |   0.000|
An<4>       |    8.577(R)|SystemClock_BUFGP |   0.000|
An<5>       |    8.771(R)|SystemClock_BUFGP |   0.000|
Ca          |   10.610(R)|SystemClock_BUFGP |   0.000|
Cb          |   10.669(R)|SystemClock_BUFGP |   0.000|
Cc          |   10.777(R)|SystemClock_BUFGP |   0.000|
Cd          |   10.107(R)|SystemClock_BUFGP |   0.000|
Ce          |   10.963(R)|SystemClock_BUFGP |   0.000|
Cf          |   10.441(R)|SystemClock_BUFGP |   0.000|
Cg          |    9.974(R)|SystemClock_BUFGP |   0.000|
SCLK        |    7.887(R)|SystemClock_BUFGP |   0.000|
------------+------------+------------------+--------+

Clock to Setup on destination clock SystemClock
---------------+---------+---------+---------+---------+
               | Src:Rise| Src:Fall| Src:Rise| Src:Fall|
Source Clock   |Dest:Rise|Dest:Rise|Dest:Fall|Dest:Fall|
---------------+---------+---------+---------+---------+
SystemClock    |    3.846|         |         |         |
---------------+---------+---------+---------+---------+


Analysis completed Tue Mar 24 22:04:21 2020 
--------------------------------------------------------------------------------

Trace Settings:
-------------------------
Trace Settings 

Peak Memory Usage: 4510 MB



